2023-12-15 20:52:02.252 [DEBUG] :: [[32m200[0m]
2023-12-15 20:52:02.253 [DEBUG] :: /i/api/graphql/sLVLhk0bGj3MVFEKTdax1w/UserByScreenName
2023-12-15 20:52:02.253 [DEBUG] :: remaining: [35m58/95[0m requests
2023-12-15 20:52:02.253 [DEBUG] :: reset:     [35m5.00[0m minutes
2023-12-15 20:52:02.261 [DEBUG] :: [[32m200[0m]
2023-12-15 20:52:02.261 [DEBUG] :: /i/api/graphql/sLVLhk0bGj3MVFEKTdax1w/UserByScreenName
2023-12-15 20:52:02.261 [DEBUG] :: remaining: [35m59/95[0m requests
2023-12-15 20:52:02.261 [DEBUG] :: reset:     [35m5.00[0m minutes
2023-12-15 20:52:02.262 [DEBUG] :: [[32m200[0m]
2023-12-15 20:52:02.262 [DEBUG] :: /i/api/graphql/sLVLhk0bGj3MVFEKTdax1w/UserByScreenName
2023-12-15 20:52:02.263 [DEBUG] :: remaining: [35m56/95[0m requests
2023-12-15 20:52:02.263 [DEBUG] :: reset:     [35m5.00[0m minutes
2023-12-15 20:52:02.264 [DEBUG] :: [[32m200[0m]
2023-12-15 20:52:02.264 [DEBUG] :: /i/api/graphql/sLVLhk0bGj3MVFEKTdax1w/UserByScreenName
2023-12-15 20:52:02.264 [DEBUG] :: remaining: [35m54/95[0m requests
2023-12-15 20:52:02.264 [DEBUG] :: reset:     [35m5.00[0m minutes
2023-12-15 20:52:02.274 [DEBUG] :: [[32m200[0m]
2023-12-15 20:52:02.274 [DEBUG] :: /i/api/graphql/sLVLhk0bGj3MVFEKTdax1w/UserByScreenName
2023-12-15 20:52:02.274 [DEBUG] :: remaining: [35m55/95[0m requests
2023-12-15 20:52:02.274 [DEBUG] :: reset:     [35m5.00[0m minutes
2023-12-15 20:52:02.277 [DEBUG] :: [[32m200[0m]
2023-12-15 20:52:02.277 [DEBUG] :: /i/api/graphql/sLVLhk0bGj3MVFEKTdax1w/UserByScreenName
2023-12-15 20:52:02.277 [DEBUG] :: remaining: [35m53/95[0m requests
2023-12-15 20:52:02.277 [DEBUG] :: reset:     [35m5.00[0m minutes
2023-12-15 20:52:02.279 [DEBUG] :: [[32m200[0m]
2023-12-15 20:52:02.279 [DEBUG] :: /i/api/graphql/sLVLhk0bGj3MVFEKTdax1w/UserByScreenName
2023-12-15 20:52:02.279 [DEBUG] :: remaining: [35m57/95[0m requests
2023-12-15 20:52:02.279 [DEBUG] :: reset:     [35m5.00[0m minutes
2023-12-15 20:52:03.016 [DEBUG] :: [[32m200[0m]
2023-12-15 20:52:03.017 [DEBUG] :: /i/api/graphql/HuTx74BxAnezK1gWvYY7zg/UserTweets
2023-12-15 20:52:03.017 [DEBUG] :: remaining: [35m12/50[0m requests
2023-12-15 20:52:03.017 [DEBUG] :: reset:     [35m4.98[0m minutes
2023-12-15 20:52:03.030 [DEBUG] :: [[32m200[0m]
2023-12-15 20:52:03.030 [DEBUG] :: /i/api/graphql/HuTx74BxAnezK1gWvYY7zg/UserTweets
2023-12-15 20:52:03.031 [DEBUG] :: remaining: [35m8/50[0m requests
2023-12-15 20:52:03.031 [DEBUG] :: reset:     [35m4.98[0m minutes
2023-12-15 20:52:03.067 [DEBUG] :: [[32m200[0m]
2023-12-15 20:52:03.067 [DEBUG] :: /i/api/graphql/HuTx74BxAnezK1gWvYY7zg/UserTweets
2023-12-15 20:52:03.067 [DEBUG] :: remaining: [35m10/50[0m requests
2023-12-15 20:52:03.067 [DEBUG] :: reset:     [35m4.98[0m minutes
2023-12-15 20:52:03.072 [DEBUG] :: [[32m200[0m]
2023-12-15 20:52:03.072 [DEBUG] :: /i/api/graphql/HuTx74BxAnezK1gWvYY7zg/UserTweets
2023-12-15 20:52:03.072 [DEBUG] :: remaining: [35m13/50[0m requests
2023-12-15 20:52:03.072 [DEBUG] :: reset:     [35m4.98[0m minutes
2023-12-15 20:52:03.076 [DEBUG] :: [[32m200[0m]
2023-12-15 20:52:03.077 [DEBUG] :: /i/api/graphql/HuTx74BxAnezK1gWvYY7zg/UserTweets
2023-12-15 20:52:03.077 [DEBUG] :: remaining: [35m14/50[0m requests
2023-12-15 20:52:03.077 [DEBUG] :: reset:     [35m4.98[0m minutes
2023-12-15 20:52:03.085 [DEBUG] :: [[32m200[0m]
2023-12-15 20:52:03.085 [DEBUG] :: /i/api/graphql/HuTx74BxAnezK1gWvYY7zg/UserTweets
2023-12-15 20:52:03.085 [DEBUG] :: remaining: [35m9/50[0m requests
2023-12-15 20:52:03.085 [DEBUG] :: reset:     [35m4.98[0m minutes
2023-12-15 20:52:03.137 [DEBUG] :: [[32m200[0m]
2023-12-15 20:52:03.138 [DEBUG] :: /i/api/graphql/HuTx74BxAnezK1gWvYY7zg/UserTweets
2023-12-15 20:52:03.138 [DEBUG] :: remaining: [35m11/50[0m requests
2023-12-15 20:52:03.138 [DEBUG] :: reset:     [35m4.98[0m minutes
2023-12-15 20:54:02.286 [DEBUG] :: [[32m200[0m]
2023-12-15 20:54:02.286 [DEBUG] :: /i/api/graphql/sLVLhk0bGj3MVFEKTdax1w/UserByScreenName
2023-12-15 20:54:02.286 [DEBUG] :: remaining: [35m50/95[0m requests
2023-12-15 20:54:02.286 [DEBUG] :: reset:     [35m3.00[0m minutes
2023-12-15 20:54:02.288 [DEBUG] :: [[32m200[0m]
2023-12-15 20:54:02.288 [DEBUG] :: /i/api/graphql/sLVLhk0bGj3MVFEKTdax1w/UserByScreenName
2023-12-15 20:54:02.289 [DEBUG] :: remaining: [35m48/95[0m requests
2023-12-15 20:54:02.290 [DEBUG] :: reset:     [35m3.00[0m minutes
2023-12-15 20:54:02.292 [DEBUG] :: [[32m200[0m]
2023-12-15 20:54:02.293 [DEBUG] :: /i/api/graphql/sLVLhk0bGj3MVFEKTdax1w/UserByScreenName
2023-12-15 20:54:02.293 [DEBUG] :: remaining: [35m52/95[0m requests
2023-12-15 20:54:02.293 [DEBUG] :: reset:     [35m3.00[0m minutes
2023-12-15 20:54:02.293 [DEBUG] :: [[32m200[0m]
2023-12-15 20:54:02.293 [DEBUG] :: /i/api/graphql/sLVLhk0bGj3MVFEKTdax1w/UserByScreenName
2023-12-15 20:54:02.293 [DEBUG] :: remaining: [35m47/95[0m requests
2023-12-15 20:54:02.293 [DEBUG] :: reset:     [35m3.00[0m minutes
2023-12-15 20:54:02.309 [DEBUG] :: [[32m200[0m]
2023-12-15 20:54:02.309 [DEBUG] :: /i/api/graphql/sLVLhk0bGj3MVFEKTdax1w/UserByScreenName
2023-12-15 20:54:02.309 [DEBUG] :: remaining: [35m49/95[0m requests
2023-12-15 20:54:02.309 [DEBUG] :: reset:     [35m3.00[0m minutes
2023-12-15 20:54:02.318 [DEBUG] :: [[32m200[0m]
2023-12-15 20:54:02.318 [DEBUG] :: /i/api/graphql/sLVLhk0bGj3MVFEKTdax1w/UserByScreenName
2023-12-15 20:54:02.318 [DEBUG] :: remaining: [35m51/95[0m requests
2023-12-15 20:54:02.319 [DEBUG] :: reset:     [35m3.00[0m minutes
2023-12-15 20:54:02.374 [DEBUG] :: [[32m200[0m]
2023-12-15 20:54:02.375 [DEBUG] :: /i/api/graphql/sLVLhk0bGj3MVFEKTdax1w/UserByScreenName
2023-12-15 20:54:02.375 [DEBUG] :: remaining: [35m46/95[0m requests
2023-12-15 20:54:02.375 [DEBUG] :: reset:     [35m3.00[0m minutes
2023-12-15 20:54:03.122 [DEBUG] :: [[32m200[0m]
2023-12-15 20:54:03.123 [DEBUG] :: /i/api/graphql/HuTx74BxAnezK1gWvYY7zg/UserTweets
2023-12-15 20:54:03.123 [DEBUG] :: remaining: [35m5/50[0m requests
2023-12-15 20:54:03.123 [DEBUG] :: reset:     [35m2.98[0m minutes
2023-12-15 20:54:03.178 [DEBUG] :: [[32m200[0m]
2023-12-15 20:54:03.179 [DEBUG] :: /i/api/graphql/HuTx74BxAnezK1gWvYY7zg/UserTweets
2023-12-15 20:54:03.179 [DEBUG] :: remaining: [35m4/50[0m requests
2023-12-15 20:54:03.180 [DEBUG] :: reset:     [35m2.98[0m minutes
2023-12-15 20:54:03.192 [DEBUG] :: [[32m200[0m]
2023-12-15 20:54:03.192 [DEBUG] :: /i/api/graphql/HuTx74BxAnezK1gWvYY7zg/UserTweets
2023-12-15 20:54:03.192 [DEBUG] :: remaining: [35m3/50[0m requests
2023-12-15 20:54:03.192 [DEBUG] :: reset:     [35m2.98[0m minutes
2023-12-15 20:54:03.199 [DEBUG] :: [[32m200[0m]
2023-12-15 20:54:03.199 [DEBUG] :: /i/api/graphql/HuTx74BxAnezK1gWvYY7zg/UserTweets
2023-12-15 20:54:03.199 [DEBUG] :: remaining: [35m2/50[0m requests
2023-12-15 20:54:03.199 [DEBUG] :: reset:     [35m2.98[0m minutes
2023-12-15 20:54:03.299 [DEBUG] :: [[32m200[0m]
2023-12-15 20:54:03.299 [DEBUG] :: /i/api/graphql/HuTx74BxAnezK1gWvYY7zg/UserTweets
2023-12-15 20:54:03.299 [DEBUG] :: remaining: [35m7/50[0m requests
2023-12-15 20:54:03.299 [DEBUG] :: reset:     [35m2.98[0m minutes
2023-12-15 20:54:03.342 [DEBUG] :: [[32m200[0m]
2023-12-15 20:54:03.343 [DEBUG] :: /i/api/graphql/HuTx74BxAnezK1gWvYY7zg/UserTweets
2023-12-15 20:54:03.343 [DEBUG] :: remaining: [35m6/50[0m requests
2023-12-15 20:54:03.343 [DEBUG] :: reset:     [35m2.98[0m minutes
2023-12-15 20:54:03.356 [DEBUG] :: [[32m200[0m]
2023-12-15 20:54:03.356 [DEBUG] :: /i/api/graphql/HuTx74BxAnezK1gWvYY7zg/UserTweets
2023-12-15 20:54:03.356 [DEBUG] :: remaining: [35m1/50[0m requests
2023-12-15 20:54:03.356 [DEBUG] :: reset:     [35m2.98[0m minutes
